<?xml version="1.0" encoding="UTF-8"?>
<!-- Generated by org.testng.reporters.JUnitXMLReporter -->
<testsuite ignored="0" hostname="Rakib-Ansar" failures="0" tests="1" name="Test_ALL" time="0.058" errors="0" timestamp="2024-11-25T17:43:13 IST">
  <testcase classname="TestcasesADGM.LoginTestcasesADGM" name="@BeforeMethod launch" time="-1.732536793714E9">
    <failure type="org.testng.TestNGException" message="
Parameter &amp;apos;weburl&amp;apos; is required by BeforeMethod on method launch but has not been marked @Optional or defined
in C:\Users\Rakib Ansar\eclipse-project\demoadgm\testng.xml">
      <![CDATA[org.testng.TestNGException: 
Parameter 'weburl' is required by BeforeMethod on method launch but has not been marked @Optional or defined
in C:\Users\Rakib Ansar\eclipse-project\demoadgm\testng.xml
at java.base/java.util.ArrayList.forEach(ArrayList.java:1597)
... Removed 28 stack frames]]>
    </failure>
  </testcase> <!-- @BeforeMethod launch -->
  <testcase classname="TestcasesADGM.LoginTestcasesADGM" name="@AfterMethod quit" time="-1.73253679374E9">
    <skipped/>
  </testcase> <!-- @AfterMethod quit -->
  <testcase classname="TestcasesADGM.LoginTestcasesADGM" name="loginSalesforce" time="0.0">
    <skipped/>
  </testcase> <!-- loginSalesforce -->
</testsuite> <!-- Test_ALL -->
